TN:
SF:/Users/gaggle/Projects/gaggle/ava.config.js
FNF:0
FNH:0
LF:0
LH:0
BRF:0
BRH:0
end_of_record
TN:
SF:/Users/gaggle/Projects/gaggle/nuxt.config.js
FNF:0
FNH:0
DA:4,0
DA:5,0
LF:2
LH:0
BRDA:4,0,0,0
BRDA:4,0,1,0
BRDA:5,1,0,0
BRDA:5,1,1,0
BRF:4
BRH:0
end_of_record
TN:
SF:/Users/gaggle/Projects/gaggle/components/ImagePreloader.js
FN:6,(anonymous_1)
FN:6,(anonymous_2)
FN:13,(anonymous_3)
FN:1,(anonymous_4)
FN:22,(anonymous_5)
FN:32,(anonymous_6)
FNF:6
FNH:6
FNDA:2,(anonymous_1)
FNDA:2,(anonymous_2)
FNDA:6,(anonymous_3)
FNDA:8,(anonymous_4)
FNDA:6,(anonymous_5)
FNDA:8,(anonymous_6)
DA:1,10
DA:7,1
DA:8,2
DA:11,2
DA:18,2
DA:19,6
DA:22,2
DA:23,2
DA:24,6
DA:25,6
DA:26,6
DA:28,6
DA:29,6
DA:33,6
DA:37,6
LF:15
LH:15
BRDA:18,0,0,2
BRDA:18,0,1,6
BRDA:37,1,0,0
BRDA:37,1,1,8
BRF:4
BRH:3
end_of_record
TN:
SF:/Users/gaggle/Projects/gaggle/components/ResolutionPicker.js
FN:7,(anonymous_2)
FN:8,(anonymous_3)
FN:15,(anonymous_4)
FN:3,(anonymous_5)
FN:35,(anonymous_6)
FNF:5
FNH:4
FNDA:2,(anonymous_2)
FNDA:2,(anonymous_3)
FNDA:0,(anonymous_4)
FNDA:2,(anonymous_5)
FNDA:2,(anonymous_6)
DA:3,4
DA:4,1
DA:5,1
DA:8,1
DA:9,1
DA:13,2
DA:17,2
DA:21,2
DA:27,0
DA:29,2
DA:30,2
DA:31,2
DA:33,2
LF:13
LH:12
BRDA:17,0,0,0
BRDA:17,0,1,1
BRDA:3,1,0,1
BRDA:3,1,1,1
BRDA:29,2,0,0
BRDA:29,2,1,2
BRDA:30,3,0,2
BRDA:30,3,1,0
BRDA:31,4,0,2
BRDA:31,4,1,0
BRDA:31,4,2,NaN
BRDA:31,4,3,NaN
BRF:12
BRH:6
end_of_record
TN:
SF:/Users/gaggle/Projects/gaggle/components/ThemeSelector.js
FN:6,(anonymous_4)
FN:5,(anonymous_5)
FN:15,(anonymous_6)
FNF:3
FNH:3
FNDA:5,(anonymous_4)
FNDA:9,(anonymous_5)
FNDA:4,(anonymous_6)
DA:10,1
DA:11,1
DA:15,4
DA:16,1
DA:17,5
DA:20,9
DA:29,5
LF:7
LH:7
BRDA:6,0,0,0
BRDA:6,0,1,3
BRDA:11,1,0,3
BRDA:11,1,1,3
BRF:4
BRH:3
end_of_record
TN:
SF:/Users/gaggle/Projects/gaggle/static/sw.js
FNF:0
FNH:0
DA:1,0
DA:3,0
DA:30,0
DA:31,0
DA:33,0
DA:35,0
LF:6
LH:0
BRF:0
BRH:0
end_of_record
