TN:
SF:/home/travis/build/gaggle/gaggle/components/Footer.vue
FN:13,data
FN:1,(anonymous_1)
FNF:2
FNH:2
FNDA:1,data
FNDA:1,(anonymous_1)
DA:1,6
DA:14,1
LF:2
LH:2
BRF:0
BRH:0
end_of_record
TN:
SF:/home/travis/build/gaggle/gaggle/components/FullscreenBackground.vue
FN:1,(anonymous_0)
FNF:1
FNH:1
FNDA:1,(anonymous_0)
DA:1,6
LF:1
LH:1
BRF:0
BRH:0
end_of_record
TN:
SF:/home/travis/build/gaggle/gaggle/components/Greeting.vue
FN:1,(anonymous_0)
FNF:1
FNH:1
FNDA:1,(anonymous_0)
DA:1,6
LF:1
LH:1
BRF:0
BRH:0
end_of_record
TN:
SF:/home/travis/build/gaggle/gaggle/components/ImagePreloader.js
FN:6,(anonymous_0)
FN:11,(anonymous_1)
FN:15,(anonymous_2)
FN:18,(anonymous_3)
FN:22,(anonymous_4)
FN:27,(anonymous_5)
FN:37,(anonymous_6)
FNF:7
FNH:6
FNDA:2,(anonymous_0)
FNDA:2,(anonymous_1)
FNDA:2,(anonymous_2)
FNDA:2,(anonymous_3)
FNDA:4,(anonymous_4)
FNDA:0,(anonymous_5)
FNDA:4,(anonymous_6)
DA:6,2
DA:12,2
DA:13,2
DA:16,2
DA:19,2
DA:23,4
DA:24,0
DA:25,0
DA:27,4
DA:28,0
DA:29,0
DA:30,0
DA:31,0
DA:33,4
DA:34,4
DA:38,4
DA:42,4
LF:17
LH:11
BRDA:23,0,0,0
BRDA:23,0,1,4
BRDA:42,1,0,0
BRDA:42,1,1,4
BRF:4
BRH:2
end_of_record
TN:
SF:/home/travis/build/gaggle/gaggle/components/Nav.vue
FN:1,(anonymous_0)
FNF:1
FNH:1
FNDA:1,(anonymous_0)
DA:1,6
LF:1
LH:1
BRF:0
BRH:0
end_of_record
TN:
SF:/home/travis/build/gaggle/gaggle/components/ResolutionPicker.js
FN:7,(anonymous_0)
FN:13,(anonymous_1)
FN:17,(anonymous_2)
FN:21,(anonymous_3)
FN:25,(anonymous_4)
FN:30,(anonymous_5)
FN:45,(anonymous_6)
FNF:7
FNH:5
FNDA:1,(anonymous_0)
FNDA:1,(anonymous_1)
FNDA:1,(anonymous_2)
FNDA:0,(anonymous_3)
FNDA:1,(anonymous_4)
FNDA:1,(anonymous_5)
FNDA:0,(anonymous_6)
DA:8,1
DA:14,1
DA:15,1
DA:18,1
DA:19,1
DA:22,0
DA:23,0
DA:26,1
DA:27,1
DA:31,1
DA:37,1
DA:38,1
DA:39,1
DA:40,1
DA:41,1
DA:43,1
DA:46,0
LF:17
LH:14
BRDA:27,0,0,0
BRDA:27,0,1,1
BRDA:38,1,0,0
BRDA:38,1,1,1
BRDA:39,2,0,0
BRDA:39,2,1,1
BRDA:40,3,0,0
BRDA:40,3,1,1
BRDA:41,4,0,1
BRDA:41,4,1,1
BRDA:41,4,2,1
BRDA:41,4,3,1
BRF:12
BRH:8
end_of_record
TN:
SF:/home/travis/build/gaggle/gaggle/components/ThemeSelector.js
FN:11,(anonymous_0)
FN:12,(anonymous_1)
FN:15,(anonymous_2)
FN:20,(anonymous_3)
FN:25,(anonymous_4)
FN:30,(anonymous_5)
FN:31,(anonymous_6)
FN:35,(anonymous_7)
FNF:8
FNH:8
FNDA:1,(anonymous_0)
FNDA:1,(anonymous_1)
FNDA:1,(anonymous_2)
FNDA:1,(anonymous_3)
FNDA:1,(anonymous_4)
FNDA:1,(anonymous_5)
FNDA:1,(anonymous_6)
FNDA:1,(anonymous_7)
DA:12,1
DA:16,1
DA:21,1
DA:26,1
DA:27,1
DA:31,1
DA:32,1
DA:33,1
DA:36,1
DA:43,1
LF:10
LH:10
BRDA:21,0,0,0
BRDA:21,0,1,1
BRDA:27,1,0,0
BRDA:27,1,1,1
BRF:4
BRH:2
end_of_record
TN:
SF:/home/travis/build/gaggle/gaggle/layouts/default.vue
FN:1,(anonymous_0)
FNF:1
FNH:0
FNDA:0,(anonymous_0)
DA:1,0
LF:1
LH:0
BRF:0
BRH:0
end_of_record
TN:
SF:/home/travis/build/gaggle/gaggle/pages/index.vue
FN:36,data
FN:40,query
FN:44,mounted
FN:48,getData
FN:50,(anonymous_4)
FN:55,(anonymous_5)
FN:1,(anonymous_6)
FNF:7
FNH:0
FNDA:0,data
FNDA:0,query
FNDA:0,mounted
FNDA:0,getData
FNDA:0,(anonymous_4)
FNDA:0,(anonymous_5)
FNDA:0,(anonymous_6)
DA:1,0
DA:22,0
DA:23,0
DA:24,0
DA:25,0
DA:26,0
DA:36,0
DA:41,0
DA:45,0
DA:48,0
DA:49,0
DA:50,0
DA:52,0
DA:53,0
DA:54,0
DA:57,0
LF:16
LH:0
BRDA:1,0,0,0
BRDA:1,0,1,0
BRF:2
BRH:0
end_of_record
